Using pre-set license
Built from '2021.3/staging' branch; Version is '2021.3.10f1 (1c7d0df0160b) revision 1867021'; Using compiler version '192829333'; Build Type 'Release'
OS: 'Windows 10  (10.0.19044) 64bit Professional' Language: 'en' Physical Memory: 98214 MB
BatchMode: 1, IsHumanControllingUs: 0, StartBugReporterOnCrash: 0, Is64bit: 1, IsPro: 1

COMMAND LINE ARGUMENTS:
D:\Program Files\Unity\Hub\Editor\2021.3.10f1\Editor\Unity.exe
-adb2
-batchMode
-noUpm
-name
AssetImportWorker0
-projectPath
D:/APP/unity/CH-reverse-engineering/Unity-Project/CH-RE
-logFile
Logs/AssetImportWorker0.log
-srvPort
64718
Successfully changed project path to: D:/APP/unity/CH-reverse-engineering/Unity-Project/CH-RE
D:/APP/unity/CH-reverse-engineering/Unity-Project/CH-RE
[UnityMemory] Configuration Parameters - Can be set up in boot.config
    "memorysetup-bucket-allocator-granularity=16"
    "memorysetup-bucket-allocator-bucket-count=8"
    "memorysetup-bucket-allocator-block-size=33554432"
    "memorysetup-bucket-allocator-block-count=8"
    "memorysetup-main-allocator-block-size=16777216"
    "memorysetup-thread-allocator-block-size=16777216"
    "memorysetup-gfx-main-allocator-block-size=16777216"
    "memorysetup-gfx-thread-allocator-block-size=16777216"
    "memorysetup-cache-allocator-block-size=4194304"
    "memorysetup-typetree-allocator-block-size=2097152"
    "memorysetup-profiler-bucket-allocator-granularity=16"
    "memorysetup-profiler-bucket-allocator-bucket-count=8"
    "memorysetup-profiler-bucket-allocator-block-size=33554432"
    "memorysetup-profiler-bucket-allocator-block-count=8"
    "memorysetup-profiler-allocator-block-size=16777216"
    "memorysetup-profiler-editor-allocator-block-size=1048576"
    "memorysetup-temp-allocator-size-main=16777216"
    "memorysetup-job-temp-allocator-block-size=2097152"
    "memorysetup-job-temp-allocator-block-size-background=1048576"
    "memorysetup-job-temp-allocator-reduction-small-platforms=262144"
    "memorysetup-temp-allocator-size-background-worker=32768"
    "memorysetup-temp-allocator-size-job-worker=262144"
    "memorysetup-temp-allocator-size-preload-manager=33554432"
    "memorysetup-temp-allocator-size-nav-mesh-worker=65536"
    "memorysetup-temp-allocator-size-audio-worker=65536"
    "memorysetup-temp-allocator-size-cloud-worker=32768"
    "memorysetup-temp-allocator-size-gi-baking-worker=262144"
    "memorysetup-temp-allocator-size-gfx=262144"
Refreshing native plugins compatible for Editor in 122.93 ms, found 3 plugins.
Preloading 0 native plugins for Editor in 0.00 ms.
Initialize engine version: 2021.3.10f1 (1c7d0df0160b)
[Subsystems] Discovering subsystems at path D:/Program Files/Unity/Hub/Editor/2021.3.10f1/Editor/Data/Resources/UnitySubsystems
[Subsystems] Discovering subsystems at path D:/APP/unity/CH-reverse-engineering/Unity-Project/CH-RE/Assets
GfxDevice: creating device client; threaded=0; jobified=0
Direct3D:
    Version:  Direct3D 11.0 [level 11.1]
    Renderer: NVIDIA GeForce GTX 1060 6GB (ID=0x1c03)
    Vendor:   NVIDIA
    VRAM:     6052 MB
    Driver:   30.0.15.1215
Initialize mono
Mono path[0] = 'D:/Program Files/Unity/Hub/Editor/2021.3.10f1/Editor/Data/Managed'
Mono path[1] = 'D:/Program Files/Unity/Hub/Editor/2021.3.10f1/Editor/Data/MonoBleedingEdge/lib/mono/unityjit-win32'
Mono config path = 'D:/Program Files/Unity/Hub/Editor/2021.3.10f1/Editor/Data/MonoBleedingEdge/etc'
Using monoOptions --debugger-agent=transport=dt_socket,embedding=1,server=y,suspend=n,address=127.0.0.1:56116
Begin MonoManager ReloadAssembly
Registering precompiled unity dll's ...
Register platform support module: D:/Program Files/Unity/Hub/Editor/2021.3.10f1/Editor/Data/PlaybackEngines/WebGLSupport/UnityEditor.WebGL.Extensions.dll
Register platform support module: D:/Program Files/Unity/Hub/Editor/2021.3.10f1/Editor/Data/PlaybackEngines/WindowsStandaloneSupport/UnityEditor.WindowsStandalone.Extensions.dll
Registered in 0.005494 seconds.
Native extension for WindowsStandalone target not found
Native extension for WebGL target not found
Refreshing native plugins compatible for Editor in 108.39 ms, found 3 plugins.
Preloading 0 native plugins for Editor in 0.00 ms.
Mono: successfully reloaded assembly
- Completed reload, in  0.889 seconds
Domain Reload Profiling:
	ReloadAssembly (890ms)
		BeginReloadAssembly (112ms)
			ExecutionOrderSort (0ms)
			DisableScriptedObjects (0ms)
			BackupInstance (0ms)
			ReleaseScriptingObjects (0ms)
			CreateAndSetChildDomain (1ms)
		EndReloadAssembly (624ms)
			LoadAssemblies (111ms)
			RebuildTransferFunctionScriptingTraits (0ms)
			SetupTypeCache (157ms)
			ReleaseScriptCaches (0ms)
			RebuildScriptCaches (33ms)
			SetupLoadedEditorAssemblies (374ms)
				LogAssemblyErrors (0ms)
				InitializePlatformSupportModulesInManaged (10ms)
				SetLoadedEditorAssemblies (0ms)
				RefreshPlugins (109ms)
				BeforeProcessingInitializeOnLoad (1ms)
				ProcessInitializeOnLoadAttributes (163ms)
				ProcessInitializeOnLoadMethodAttributes (92ms)
				AfterProcessingInitializeOnLoad (0ms)
				EditorAssembliesLoaded (0ms)
			ExecutionOrderSort2 (0ms)
			AwakeInstancesAfterBackupRestoration (0ms)
Platform modules already initialized, skipping
Registering precompiled user dll's ...
Registered in 0.016421 seconds.
Begin MonoManager ReloadAssembly
Symbol file LoadedFromMemory doesn't match image D:\APP\unity\CH-reverse-engineering\Unity-Project\CH-RE\Library\PackageCache\com.unity.visualscripting@1.7.8\Editor\VisualScripting.Core\Dependencies\YamlDotNet\Unity.VisualScripting.YamlDotNet.dll
Symbol file LoadedFromMemory doesn't match image D:\APP\unity\CH-reverse-engineering\Unity-Project\CH-RE\Library\PackageCache\com.unity.visualscripting@1.7.8\Editor\VisualScripting.Core\Dependencies\DotNetZip\Unity.VisualScripting.IonicZip.dll
Native extension for WindowsStandalone target not found
Native extension for WebGL target not found
Refreshing native plugins compatible for Editor in 1.15 ms, found 3 plugins.
Preloading 0 native plugins for Editor in 0.00 ms.
Mono: successfully reloaded assembly
- Completed reload, in  1.447 seconds
Domain Reload Profiling:
	ReloadAssembly (1449ms)
		BeginReloadAssembly (150ms)
			ExecutionOrderSort (0ms)
			DisableScriptedObjects (12ms)
			BackupInstance (0ms)
			ReleaseScriptingObjects (0ms)
			CreateAndSetChildDomain (25ms)
		EndReloadAssembly (1151ms)
			LoadAssemblies (122ms)
			RebuildTransferFunctionScriptingTraits (0ms)
			SetupTypeCache (381ms)
			ReleaseScriptCaches (1ms)
			RebuildScriptCaches (61ms)
			SetupLoadedEditorAssemblies (522ms)
				LogAssemblyErrors (0ms)
				InitializePlatformSupportModulesInManaged (8ms)
				SetLoadedEditorAssemblies (1ms)
				RefreshPlugins (1ms)
				BeforeProcessingInitializeOnLoad (160ms)
				ProcessInitializeOnLoadAttributes (305ms)
				ProcessInitializeOnLoadMethodAttributes (39ms)
				AfterProcessingInitializeOnLoad (7ms)
				EditorAssembliesLoaded (0ms)
			ExecutionOrderSort2 (0ms)
			AwakeInstancesAfterBackupRestoration (40ms)
Platform modules already initialized, skipping
========================================================================
Worker process is ready to serve import requests
Launched and connected shader compiler UnityShaderCompiler.exe after 0.11 seconds
Refreshing native plugins compatible for Editor in 0.74 ms, found 3 plugins.
Preloading 0 native plugins for Editor in 0.00 ms.
Unloading 3383 Unused Serialized files (Serialized files now loaded: 0)
Unloading 27 unused Assets / (113.7 KB). Loaded Objects now: 3840.
Memory consumption went from 116.3 MB to 116.2 MB.
Total: 3.750900 ms (FindLiveObjects: 0.393800 ms CreateObjectMapping: 0.201400 ms MarkObjects: 3.035200 ms  DeleteObjects: 0.119300 ms)

AssetImportParameters requested are different than current active one (requested -> active):
  custom:video-decoder-ogg-theora: a1e56fd34408186e4bbccfd4996cb3dc -> 
  custom:container-muxer-webm: aa71ff27fc2769a1b78a27578f13a17b -> 
  custom:container-demuxer-webm: 4f35f7cbe854078d1ac9338744f61a02 -> 
  custom:video-encoder-webm-vp8: eb34c28f22e8b96e1ab97ce403110664 -> 
  custom:audio-encoder-webm-vorbis: bf7c407c2cedff20999df2af8eb42d56 -> 
  custom:framework-win-MediaFoundation: 216162199b28c13a410421893ffa2e32 -> 
  custom:container-demuxer-ogg: 62fdf1f143b41e24485cea50d1cbac27 -> 
  custom:video-decoder-webm-vp8: 9c59270c3fd7afecdb556c50c9e8de78 -> 
  custom:audio-decoder-ogg-vorbis: bf7c407c2cedff20999df2af8eb42d56 -> 
========================================================================
Received Import Request.
  Time since last request: 1776683.928696 seconds.
  path: Assets/Cannon/Scripts/Cannon.cs
  artifactKey: Guid(cea3ae1256eb9c0488d68f8bc674596e) Importer(815301076,1909f56bfc062723c751e8b465ee728b)
Start importing Assets/Cannon/Scripts/Cannon.cs using Guid(cea3ae1256eb9c0488d68f8bc674596e) Importer(815301076,1909f56bfc062723c751e8b465ee728b)  -> (artifact id: '76d2a253af4b64bbbc28d515af41ea35') in 0.059914 seconds 
========================================================================
Received Import Request.
  Time since last request: 0.014277 seconds.
  path: Assets/Cannon/Prefabs
  artifactKey: Guid(615afdd4fbf77284d8f76948083fed83) Importer(815301076,1909f56bfc062723c751e8b465ee728b)
Start importing Assets/Cannon/Prefabs using Guid(615afdd4fbf77284d8f76948083fed83) Importer(815301076,1909f56bfc062723c751e8b465ee728b)  -> (artifact id: 'e503e58a12f414d5cbb6c8931df84283') in 0.005417 seconds 
========================================================================
Received Import Request.
  Time since last request: 0.015823 seconds.
  path: Assets/Cannon/Textures
  artifactKey: Guid(73cd8f33634e2bf49b0d79bfc88d6cbf) Importer(815301076,1909f56bfc062723c751e8b465ee728b)
Start importing Assets/Cannon/Textures using Guid(73cd8f33634e2bf49b0d79bfc88d6cbf) Importer(815301076,1909f56bfc062723c751e8b465ee728b)  -> (artifact id: '96c7c685aae1dbf7438e9443115a7d5d') in 0.004120 seconds 
========================================================================
Received Import Request.
  Time since last request: 0.001876 seconds.
  path: Assets/Cannon/Models
  artifactKey: Guid(69dd9de40c5570b49b75d932d6b01cda) Importer(815301076,1909f56bfc062723c751e8b465ee728b)
Start importing Assets/Cannon/Models using Guid(69dd9de40c5570b49b75d932d6b01cda) Importer(815301076,1909f56bfc062723c751e8b465ee728b)  -> (artifact id: 'dafbb7592c90ddf29d2d59285e132324') in 0.004119 seconds 
========================================================================
Received Import Request.
  Time since last request: 0.026653 seconds.
  path: Assets/Cannon/Scripts
  artifactKey: Guid(4ec35c96a7cbf0243a4d17ff22dd1094) Importer(815301076,1909f56bfc062723c751e8b465ee728b)
Start importing Assets/Cannon/Scripts using Guid(4ec35c96a7cbf0243a4d17ff22dd1094) Importer(815301076,1909f56bfc062723c751e8b465ee728b)  -> (artifact id: '360643ed05fdea522c4bfbe101bf44f2') in 0.004418 seconds 
========================================================================
Received Import Request.
  Time since last request: 0.003749 seconds.
  path: Assets/Cannon/Prefabs/Cannon.prefab
  artifactKey: Guid(8755fbdb47280b948b3357f9352856b1) Importer(815301076,1909f56bfc062723c751e8b465ee728b)
Start importing Assets/Cannon/Prefabs/Cannon.prefab using Guid(8755fbdb47280b948b3357f9352856b1) Importer(815301076,1909f56bfc062723c751e8b465ee728b)  -> (artifact id: '0c6291d48208b1d514b8c30a12fda831') in 0.133719 seconds 
========================================================================
Received Import Request.
  Time since last request: 0.003595 seconds.
  path: Assets/Cannon/Scenes/CannonScene.unity
  artifactKey: Guid(42f903cac3ae24e44bce9ad209524559) Importer(815301076,1909f56bfc062723c751e8b465ee728b)
Start importing Assets/Cannon/Scenes/CannonScene.unity using Guid(42f903cac3ae24e44bce9ad209524559) Importer(815301076,1909f56bfc062723c751e8b465ee728b)  -> (artifact id: '10e588ac9aef2d910e23fd1b7931aaa9') in 0.003849 seconds 
